
==========================
 STEP 1: Defining a CNN 
==========================

Building CNN with dimension tracing...

Input Shape:
  channels = 1  # e.g., 1
  height   = 28   # e.g., 28
  width    = 28    # e.g., 28

After Convolution 1 (Conv2d: 1 → 8 filters):
  Formula: (old_size - kernel + 2*padding) // stride + 1
  Height: (28 - 3 + 2*0) // 1 + 1 = 26  # e.g., 26
  Width:  (28  - 3 + 2*0) // 1 + 1 = 26   # e.g., 26
  Channels: 8  # e.g., 8

After MaxPooling 1 (2x2):
  Height: 26 // 2 = 13  # e.g., 13
  Width:  26  // 2 = 13   # e.g., 13

After Convolution 2 (Conv2d: 8 → 16 filters):
  Height: (13 - 3) + 1 = 11  # e.g., 11
  Width:  (13  - 3) + 1 = 11   # e.g., 11
  Channels: 16  # e.g., 16

After MaxPooling 2 (2x2):
  Height: 11 // 2 = 5  # e.g., 5
  Width:  11  // 2 = 5   # e.g., 5

Final feature map before Fully Connected Layer:
  Channels: 16  # e.g., 16
  Height:   5    # e.g., 5
  Width:    5     # e.g., 5
  Flattened size: 16 * 5 * 5 = 400  # e.g., 16 * 5 * 5 = 400

=== END OF STEP 1 ===
Model Summary:
  - Conv Blocks:        2
  - Pool Blocks:        2
  - Fully Connected:    1
  - Total Parameters:   5,258
  - Trainable Params:   5,258
  - Expected Input:     (batch_size, 1, 28, 28)


===================================
 STEP 3: Creating Model + Optimizer
===================================


Test Accuracy: 97.45%

Single sample prediction → Predicted: 7, Actual: 7

